<?xml version="1.0" encoding="UTF-8"?>
<!-- Generated by org.testng.reporters.JUnitReportReporter -->
<testsuite hostname="DESKTOP" failures="0" tests="1" name="test.LoginPageTest" time="9.691" errors="0" timestamp="2023-06-19T16:47:25 IST" skipped="0">
  <testcase classname="test.LoginPageTest" name="testLoginPageLogo" time="9.691"/>
  <system-out/>
</testsuite> <!-- test.LoginPageTest -->
