<?xml version="1.0" encoding="UTF-8"?>
<!-- Generated by org.testng.reporters.JUnitReportReporter -->
<testsuite hostname="DESKTOP" failures="0" tests="6" name="test.HomePageTest" time="32.875" errors="0" timestamp="2023-06-19T17:24:31 IST" skipped="0">
  <testcase classname="test.HomePageTest" name="testHomePagelogo" time="4.737"/>
  <system-out/>
  <testcase classname="test.HomePageTest" name="verifyHomePageTitleTest" time="4.738"/>
  <system-out/>
  <testcase classname="test.HomePageTest" name="testUserNameText" time="5.349"/>
  <system-out/>
  <testcase classname="test.HomePageTest" name="testTransactionsTable" time="7.411"/>
  <system-out/>
  <testcase classname="test.HomePageTest" name="AmountColValueTest" time="4.956"/>
  <system-out/>
  <testcase classname="test.HomePageTest" name="sortAmtColValueTest" time="5.684"/>
  <system-out/>
</testsuite> <!-- test.HomePageTest -->
