<?xml version="1.0" encoding="UTF-8"?>
<!-- Generated by org.testng.reporters.JUnitReportReporter -->
<testsuite hostname="DESKTOP" failures="0" tests="6" name="test.HomePageTest" time="111.672" errors="0" timestamp="2023-06-20T14:05:02 IST" skipped="0">
  <testcase classname="test.HomePageTest" name="testHomePagelogo" time="11.707"/>
  <system-out/>
  <testcase classname="test.HomePageTest" name="verifyHomePageTitleTest" time="11.176"/>
  <system-out/>
  <testcase classname="test.HomePageTest" name="testUserNameText" time="10.596"/>
  <system-out/>
  <testcase classname="test.HomePageTest" name="testTransactionsTable" time="9.699"/>
  <system-out/>
  <testcase classname="test.HomePageTest" name="AmountColValueTest" time="37.946"/>
  <system-out/>
  <testcase classname="test.HomePageTest" name="sortAmtColValueTest" time="30.548"/>
  <system-out/>
</testsuite> <!-- test.HomePageTest -->
