<?xml version="1.0" encoding="UTF-8"?>
<!-- Generated by org.testng.reporters.JUnitReportReporter -->
<testsuite hostname="DESKTOP" failures="0" tests="10" name="test.LoginPageTest" time="78.116" errors="0" timestamp="2023-06-20T14:05:02 IST" skipped="0">
  <testcase classname="test.LoginPageTest" name="testLoginPageTitle" time="6.526"/>
  <system-out/>
  <testcase classname="test.LoginPageTest" name="testLoginPageLogo" time="5.694"/>
  <system-out/>
  <testcase classname="test.LoginPageTest" name="testLoginWithValidCreditals" time="10.402"/>
  <system-out/>
  <testcase classname="test.LoginPageTest" name="testLoginValidCreditalsWithCheckbox" time="9.137"/>
  <system-out/>
  <testcase classname="test.LoginPageTest" name="testLoginWithoutCreditals" time="9.113"/>
  <system-out/>
  <testcase classname="test.LoginPageTest" name="testLoginWithOnlyUsername" time="7.363"/>
  <system-out/>
  <testcase classname="test.LoginPageTest" name="testLoginWithOnlyPassword" time="8.284"/>
  <system-out/>
  <testcase classname="test.LoginPageTest" name="testDisplayTwitterImg" time="7.307"/>
  <system-out/>
  <testcase classname="test.LoginPageTest" name="testDisplayFacebookImg" time="7.422"/>
  <system-out/>
  <testcase classname="test.LoginPageTest" name="TestDisplaylinkedinImg" time="6.868"/>
  <system-out/>
</testsuite> <!-- test.LoginPageTest -->
