<?xml version="1.0" encoding="UTF-8"?>
<!-- Generated by org.testng.reporters.JUnitReportReporter -->
<testsuite hostname="DESKTOP" failures="0" tests="10" name="test.LoginPageTest" time="48.961" errors="0" timestamp="2023-06-19T17:24:31 IST" skipped="0">
  <testcase classname="test.LoginPageTest" name="testLoginPageTitle" time="3.633"/>
  <system-out/>
  <testcase classname="test.LoginPageTest" name="testLoginWithOnlyPassword" time="3.973"/>
  <system-out/>
  <testcase classname="test.LoginPageTest" name="testLoginWithoutCreditals" time="3.859"/>
  <system-out/>
  <testcase classname="test.LoginPageTest" name="testDisplayTwitterImg" time="3.841"/>
  <system-out/>
  <testcase classname="test.LoginPageTest" name="testLoginWithOnlyUsername" time="4.123"/>
  <system-out/>
  <testcase classname="test.LoginPageTest" name="TestDisplaylinkedinImg" time="4.160"/>
  <system-out/>
  <testcase classname="test.LoginPageTest" name="testDisplayFacebookImg" time="3.932"/>
  <system-out/>
  <testcase classname="test.LoginPageTest" name="testLoginValidCreditalsWithCheckbox" time="4.495"/>
  <system-out/>
  <testcase classname="test.LoginPageTest" name="testLoginPageLogo" time="11.615"/>
  <system-out/>
  <testcase classname="test.LoginPageTest" name="testLoginWithValidCreditals" time="5.330"/>
  <system-out/>
</testsuite> <!-- test.LoginPageTest -->
