<?xml version="1.0" encoding="UTF-8"?>
<!-- Generated by org.testng.reporters.JUnitReportReporter -->
<testsuite hostname="DESKTOP" failures="0" tests="6" name="test.HomePageTest" time="45.160" errors="0" timestamp="2023-06-19T16:38:59 IST" skipped="0">
  <testcase classname="test.HomePageTest" name="testHomePagelogo" time="4.940"/>
  <system-out/>
  <testcase classname="test.HomePageTest" name="verifyHomePageTitleTest" time="5.043"/>
  <system-out/>
  <testcase classname="test.HomePageTest" name="testUserNameText" time="5.147"/>
  <system-out/>
  <testcase classname="test.HomePageTest" name="testTransactionsTable" time="5.127"/>
  <system-out/>
  <testcase classname="test.HomePageTest" name="AmountColValueTest" time="5.238"/>
  <system-out/>
  <testcase classname="test.HomePageTest" name="sortAmtColValueTest" time="19.665"/>
  <system-out/>
</testsuite> <!-- test.HomePageTest -->
